<?xml version="1.0" encoding="UTF-8"?>
<!-- Generated by org.testng.reporters.JUnitReportReporter -->
<testsuite hostname="DESKTOP-ME2FOGS" failures="0" tests="1" name="cars.RangeRoverTest" time="33.858" errors="0" timestamp="2024-07-29T14:12:03 IST" skipped="0">
  <testcase classname="cars.RangeRoverTest" name="launch" time="33.858"/>
  <system-out>
    <![CDATA[RangeRover Test Launch]]>
  </system-out>
</testsuite> <!-- cars.RangeRoverTest -->
