<?xml version="1.0" encoding="UTF-8"?>
<!-- Generated by org.testng.reporters.JUnitReportReporter -->
<testsuite hostname="DESKTOP-ME2FOGS" failures="0" tests="1" name="demo.AbhiAssingmentDemoCMDPrompt" time="17.806" errors="0" timestamp="2024-07-31T15:15:05 IST" skipped="0">
  <testcase classname="demo.AbhiAssingmentDemoCMDPrompt" name="demoSkill" time="17.806"/>
  <system-out>
    <![CDATA[https://demowebshop.tricentis.com/
abhis1234@gmail.com
abhis@1234
home page is displayed]]>
  </system-out>
</testsuite> <!-- demo.AbhiAssingmentDemoCMDPrompt -->
