<?xml version="1.0" encoding="UTF-8"?>
<!-- Generated by org.testng.reporters.JUnitReportReporter -->
<testsuite hostname="DESKTOP-ME2FOGS" failures="0" tests="1" name="bikes.KawaSakiTest" time="18.331" errors="0" timestamp="2024-07-30T18:33:30 IST" skipped="0">
  <testcase classname="bikes.KawaSakiTest" name="startBike" time="18.331"/>
  <system-out>
    <![CDATA[Kawasaki StarT test]]>
  </system-out>
</testsuite> <!-- bikes.KawaSakiTest -->
