<?xml version="1.0" encoding="UTF-8"?>
<!-- Generated by org.testng.reporters.JUnitReportReporter -->
<testsuite hostname="DESKTOP-ME2FOGS" failures="0" tests="1" name="cars.FerrariTest" time="31.795" errors="0" timestamp="2024-07-30T14:41:06 IST" skipped="0">
  <testcase classname="cars.FerrariTest" name="launch" time="31.795"/>
  <system-out>
    <![CDATA[Ferrari  Test Launch]]>
  </system-out>
</testsuite> <!-- cars.FerrariTest -->
