<?xml version="1.0" encoding="UTF-8"?>
<!-- Generated by org.testng.reporters.JUnitReportReporter -->
<testsuite hostname="DESKTOP-ME2FOGS" failures="0" tests="1" name="demo.SampleTest" time="0.029" errors="0" timestamp="2024-07-27T11:19:38 IST" skipped="0">
  <testcase classname="demo.SampleTest" name="sample" time="0.029"/>
  <system-out>
    <![CDATA[Aryush Khaparde]]>
  </system-out>
</testsuite> <!-- demo.SampleTest -->
