<?xml version="1.0" encoding="UTF-8"?>
<!-- Generated by org.testng.reporters.JUnitReportReporter -->
<testsuite hostname="DESKTOP-ME2FOGS" failures="0" tests="1" name="demo.SAmple" time="0.027" errors="0" timestamp="2024-07-26T12:12:33 IST" skipped="0">
  <testcase classname="demo.SAmple" name="demo" time="0.027"/>
  <system-out>
    <![CDATA[hello world]]>
  </system-out>
</testsuite> <!-- demo.SAmple -->
